Build started 21.11.2016 0:47:09.
     1>Project "C:\Documents and Settings\HanNik\Рабочий стол\OSiSP\OSiSP_Labs_7_Driver\OSiSP_Labs_7_Driver\OSiSP_Labs_7_Driver.vcxproj" on node 2 (rebuild target(s)).
     1>_PrepareForClean:
         Deleting file "Debug\OSiSP_Labs_7_Driver.lastbuildstate".
       InitializeBuildStatus:
         Touching "Debug\OSiSP_Labs_7_Driver.unsuccessfulbuild".
       ClCompile:
         C:\Program Files\Microsoft Visual Studio 10.0\VC\bin\CL.exe /c /IC:\WINDDK\7600.16385.1\inc\ddk /IC:\WINDDK\7600.16385.1\inc\api /IC:\WINDDK\7600.16385.1\inc\crt /Zi /nologo /W1 /WX- /Od /Oy- /D WIN32 /D _CONSOLE /D _X86_ /D _DDK_ /D _DEBUG /D DBG=1 /X /Gm /MTd /GS- /Gy /fp:precise /Zc:wchar_t /Zc:forScope /GR- /Yc"StdAfx.h" /Fp"Debug\OSiSP_Labs_7_Driver.pch" /Fo"Debug\\" /Fd"Debug\vc100.pdb" /Gz /TP /analyze- /errorReport:prompt stdafx.cpp
         stdafx.cpp
         C:\Program Files\Microsoft Visual Studio 10.0\VC\bin\CL.exe /c /IC:\WINDDK\7600.16385.1\inc\ddk /IC:\WINDDK\7600.16385.1\inc\api /IC:\WINDDK\7600.16385.1\inc\crt /Zi /nologo /W1 /WX- /Od /Oy- /D WIN32 /D _CONSOLE /D _X86_ /D _DDK_ /D _DEBUG /D DBG=1 /X /Gm /MTd /GS- /Gy /fp:precise /Zc:wchar_t /Zc:forScope /GR- /Yu"StdAfx.h" /Fp"Debug\OSiSP_Labs_7_Driver.pch" /Fo"Debug\\" /Fd"Debug\vc100.pdb" /Gz /TP /analyze- /errorReport:prompt OSiSP_Labs_7_Driver.cpp
         OSiSP_Labs_7_Driver.cpp
     1>C:\Program Files\MSBuild\Microsoft.Cpp\v4.0\Microsoft.CppBuild.targets(990,5): warning MSB8012: TargetPath(C:\Documents and Settings\HanNik\Рабочий стол\OSiSP\OSiSP_Labs_7_Driver\OSiSP_Labs_7_Driver\Debug\OSiSP_Labs_7_Driver.exe) does not match the Linker's OutputFile property value (C:\Documents and Settings\HanNik\Рабочий стол\OSiSP\OSiSP_Labs_7_Driver\OSiSP_Labs_7_Driver\Debug\OSiSP_Labs_7_Driver.sys). This may cause your project to build incorrectly. To correct this, please make sure that $(OutDir), $(TargetName) and $(TargetExt) property values match the value specified in %(Link.OutputFile).
     1>C:\Program Files\MSBuild\Microsoft.Cpp\v4.0\Microsoft.CppBuild.targets(991,5): warning MSB8012: TargetExt(.exe) does not match the Linker's OutputFile property value (.sys). This may cause your project to build incorrectly. To correct this, please make sure that $(OutDir), $(TargetName) and $(TargetExt) property values match the value specified in %(Link.OutputFile).
       Link:
         C:\Program Files\Microsoft Visual Studio 10.0\VC\bin\link.exe /ERRORREPORT:PROMPT /OUT:"C:\Documents and Settings\HanNik\Рабочий стол\OSiSP\OSiSP_Labs_7_Driver\OSiSP_Labs_7_Driver\Debug\\OSiSP_Labs_7_Driver.sys" /INCREMENTAL:NO /NOLOGO /LIBPATH:C:\WINDDK\7600.16385.1\lib\WXP\i386 ntoskrnl.lib hal.lib int64.lib ntstrsafe.lib exsup.lib ksecdd.lib kernel32.lib user32.lib gdi32.lib winspool.lib comdlg32.lib advapi32.lib shell32.lib ole32.lib oleaut32.lib uuid.lib odbc32.lib odbccp32.lib /NODEFAULTLIB /MANIFEST:NO /DEBUG /PDB:"C:\Documents and Settings\HanNik\Рабочий стол\OSiSP\OSiSP_Labs_7_Driver\OSiSP_Labs_7_Driver\Debug\OSiSP_Labs_7_Driver.pdb" /SUBSYSTEM:NATIVE /Driver /TLBID:1 /ENTRY:"DriverEntry" /IMPLIB:"C:\Documents and Settings\HanNik\Рабочий стол\OSiSP\OSiSP_Labs_7_Driver\OSiSP_Labs_7_Driver\Debug\OSiSP_Labs_7_Driver.lib" /MACHINE:X86 Debug\OSiSP_Labs_7_Driver.obj
         Debug\stdafx.obj
         OSiSP_Labs_7_Driver.vcxproj -> C:\Documents and Settings\HanNik\Рабочий стол\OSiSP\OSiSP_Labs_7_Driver\OSiSP_Labs_7_Driver\Debug\OSiSP_Labs_7_Driver.exe
       FinalizeBuildStatus:
         Deleting file "Debug\OSiSP_Labs_7_Driver.unsuccessfulbuild".
         Touching "Debug\OSiSP_Labs_7_Driver.lastbuildstate".
     1>Done Building Project "C:\Documents and Settings\HanNik\Рабочий стол\OSiSP\OSiSP_Labs_7_Driver\OSiSP_Labs_7_Driver\OSiSP_Labs_7_Driver.vcxproj" (rebuild target(s)).

Build succeeded.

Time Elapsed 00:00:01.56
