C:\DOCUMENTS AND SETTINGS\HANNIK\Рабочий стол\OSISP\RUNPROCESSAPPLICATION\DEBUG\PROCESSMANAGERAPPLICATION.EXE
C:\DOCUMENTS AND SETTINGS\HANNIK\Рабочий стол\OSISP\RUNPROCESSAPPLICATION\DEBUG\PROCESSMANAGERAPPLICATION.ILK
C:\DOCUMENTS AND SETTINGS\HANNIK\РАБОЧИЙ СТОЛ\OSISP\RUNPROCESSAPPLICATION\DEBUG\PROCESSMANAGERAPPLICATION.PDB
C:\Documents and Settings\HanNik\Рабочий стол\OSiSP\RunProcessApplication\RunProcessApplication\Debug\cl.command.1.tlog
C:\Documents and Settings\HanNik\Рабочий стол\OSiSP\RunProcessApplication\RunProcessApplication\Debug\CL.read.1.tlog
C:\Documents and Settings\HanNik\Рабочий стол\OSiSP\RunProcessApplication\RunProcessApplication\Debug\CL.write.1.tlog
C:\Documents and Settings\HanNik\Рабочий стол\OSiSP\RunProcessApplication\RunProcessApplication\Debug\link.3424.read.1.tlog
C:\Documents and Settings\HanNik\Рабочий стол\OSiSP\RunProcessApplication\RunProcessApplication\Debug\link.3424.write.1.tlog
C:\Documents and Settings\HanNik\Рабочий стол\OSiSP\RunProcessApplication\RunProcessApplication\Debug\link.3424-cvtres.read.1.tlog
C:\Documents and Settings\HanNik\Рабочий стол\OSiSP\RunProcessApplication\RunProcessApplication\Debug\link.3424-cvtres.write.1.tlog
C:\Documents and Settings\HanNik\Рабочий стол\OSiSP\RunProcessApplication\RunProcessApplication\Debug\link.command.1.tlog
C:\Documents and Settings\HanNik\Рабочий стол\OSiSP\RunProcessApplication\RunProcessApplication\Debug\link.read.1.tlog
C:\Documents and Settings\HanNik\Рабочий стол\OSiSP\RunProcessApplication\RunProcessApplication\Debug\link.write.1.tlog
C:\Documents and Settings\HanNik\Рабочий стол\OSiSP\RunProcessApplication\RunProcessApplication\Debug\link-cvtres.read.1.tlog
C:\Documents and Settings\HanNik\Рабочий стол\OSiSP\RunProcessApplication\RunProcessApplication\Debug\link-cvtres.write.1.tlog
C:\Documents and Settings\HanNik\Рабочий стол\OSiSP\RunProcessApplication\RunProcessApplication\Debug\mt.command.1.tlog
C:\Documents and Settings\HanNik\Рабочий стол\OSiSP\RunProcessApplication\RunProcessApplication\Debug\mt.read.1.tlog
C:\Documents and Settings\HanNik\Рабочий стол\OSiSP\RunProcessApplication\RunProcessApplication\Debug\mt.write.1.tlog
C:\DOCUMENTS AND SETTINGS\HANNIK\Рабочий стол\OSISP\RUNPROCESSAPPLICATION\RUNPROCESSAPPLICATION\DEBUG\PROCESSMANAGERAPPLICATION.EXE.EMBED.MANIFEST
C:\DOCUMENTS AND SETTINGS\HANNIK\Рабочий стол\OSISP\RUNPROCESSAPPLICATION\RUNPROCESSAPPLICATION\DEBUG\PROCESSMANAGERAPPLICATION.EXE.EMBED.MANIFEST.RES
C:\DOCUMENTS AND SETTINGS\HANNIK\Рабочий стол\OSISP\RUNPROCESSAPPLICATION\RUNPROCESSAPPLICATION\DEBUG\PROCESSMANAGERAPPLICATION.EXE.INTERMEDIATE.MANIFEST
C:\DOCUMENTS AND SETTINGS\HANNIK\Рабочий стол\OSISP\RUNPROCESSAPPLICATION\RUNPROCESSAPPLICATION\DEBUG\PROCESSMANAGERAPPLICATION.PCH
C:\Documents and Settings\HanNik\Рабочий стол\OSiSP\RunProcessApplication\RunProcessApplication\Debug\ProcessManagerApplication_manifest.rc
C:\Documents and Settings\HanNik\Рабочий стол\OSiSP\RunProcessApplication\RunProcessApplication\Debug\rc.command.1.tlog
C:\Documents and Settings\HanNik\Рабочий стол\OSiSP\RunProcessApplication\RunProcessApplication\Debug\rc.read.1.tlog
C:\Documents and Settings\HanNik\Рабочий стол\OSiSP\RunProcessApplication\RunProcessApplication\Debug\rc.write.1.tlog
C:\DOCUMENTS AND SETTINGS\HANNIK\Рабочий стол\OSISP\RUNPROCESSAPPLICATION\RUNPROCESSAPPLICATION\DEBUG\RUNPROCESSAPPLICATION.OBJ
C:\DOCUMENTS AND SETTINGS\HANNIK\Рабочий стол\OSISP\RUNPROCESSAPPLICATION\RUNPROCESSAPPLICATION\DEBUG\STDAFX.OBJ
C:\Documents and Settings\HanNik\Рабочий стол\OSiSP\RunProcessApplication\RunProcessApplication\Debug\vc100.idb
C:\DOCUMENTS AND SETTINGS\HANNIK\РАБОЧИЙ СТОЛ\OSISP\RUNPROCESSAPPLICATION\RUNPROCESSAPPLICATION\DEBUG\VC100.PDB
