Build started 20.11.2016 21:36:21.
     1>Project "C:\Documents and Settings\HanNik\Рабочий стол\OSiSP\RunProcessApplication\RunProcessApplication\RunProcessApplication.vcxproj" on node 2 (rebuild target(s)).
     1>_PrepareForClean:
         Deleting file "Debug\ProcessManagerApplication.lastbuildstate".
       InitializeBuildStatus:
         Creating "Debug\ProcessManagerApplication.unsuccessfulbuild" because "AlwaysCreate" was specified.
       ClCompile:
         C:\Program Files\Microsoft Visual Studio 10.0\VC\bin\CL.exe /c /ZI /nologo /W3 /WX- /Od /Oy- /D WIN32 /D _DEBUG /D _CONSOLE /D _UNICODE /D UNICODE /Gm /EHsc /RTC1 /MDd /GS /fp:precise /Zc:wchar_t /Zc:forScope /Yc"StdAfx.h" /Fp"Debug\ProcessManagerApplication.pch" /Fo"Debug\\" /Fd"Debug\vc100.pdb" /Gd /TP /analyze- /errorReport:prompt stdafx.cpp
         stdafx.cpp
         C:\Program Files\Microsoft Visual Studio 10.0\VC\bin\CL.exe /c /ZI /nologo /W3 /WX- /Od /Oy- /D WIN32 /D _DEBUG /D _CONSOLE /D _UNICODE /D UNICODE /Gm /EHsc /RTC1 /MDd /GS /fp:precise /Zc:wchar_t /Zc:forScope /Yu"StdAfx.h" /Fp"Debug\ProcessManagerApplication.pch" /Fo"Debug\\" /Fd"Debug\vc100.pdb" /Gd /TP /analyze- /errorReport:prompt RunProcessApplication.cpp
         RunProcessApplication.cpp
     1>c:\documents and settings\hannik\рабочий стол\osisp\runprocessapplication\runprocessapplication\runprocessapplication.cpp(20): warning C4996: 'strcpy': This function or variable may be unsafe. Consider using strcpy_s instead. To disable deprecation, use _CRT_SECURE_NO_WARNINGS. See online help for details.
                 c:\program files\microsoft visual studio 10.0\vc\include\string.h(105) : see declaration of 'strcpy'
     1>c:\documents and settings\hannik\рабочий стол\osisp\runprocessapplication\runprocessapplication\runprocessapplication.cpp(86): warning C4996: 'strcpy': This function or variable may be unsafe. Consider using strcpy_s instead. To disable deprecation, use _CRT_SECURE_NO_WARNINGS. See online help for details.
                 c:\program files\microsoft visual studio 10.0\vc\include\string.h(105) : see declaration of 'strcpy'
       ManifestResourceCompile:
         C:\Program Files\Microsoft SDKs\Windows\v7.0A\bin\rc.exe /nologo /fo"Debug\ProcessManagerApplication.exe.embed.manifest.res" Debug\ProcessManagerApplication_manifest.rc 
       Link:
         C:\Program Files\Microsoft Visual Studio 10.0\VC\bin\link.exe /ERRORREPORT:PROMPT /OUT:"C:\Documents and Settings\HanNik\Рабочий стол\OSiSP\RunProcessApplication\Debug\ProcessManagerApplication.exe" /INCREMENTAL /NOLOGO kernel32.lib user32.lib gdi32.lib winspool.lib comdlg32.lib advapi32.lib shell32.lib ole32.lib oleaut32.lib uuid.lib odbc32.lib odbccp32.lib /MANIFEST /ManifestFile:"Debug\ProcessManagerApplication.exe.intermediate.manifest" /MANIFESTUAC:"level='asInvoker' uiAccess='false'" /DEBUG /PDB:"C:\Documents and Settings\HanNik\Рабочий стол\OSiSP\RunProcessApplication\Debug\ProcessManagerApplication.pdb" /SUBSYSTEM:CONSOLE /TLBID:1 /DYNAMICBASE /NXCOMPAT /IMPLIB:"C:\Documents and Settings\HanNik\Рабочий стол\OSiSP\RunProcessApplication\Debug\ProcessManagerApplication.lib" /MACHINE:X86 Debug\ProcessManagerApplication.exe.embed.manifest.res
         Debug\RunProcessApplication.obj
         Debug\stdafx.obj
       Manifest:
         Deleting file "Debug\ProcessManagerApplication.exe.embed.manifest".
         C:\Program Files\Microsoft SDKs\Windows\v7.0A\bin\mt.exe /nologo /verbose /out:"Debug\ProcessManagerApplication.exe.embed.manifest" /manifest Debug\ProcessManagerApplication.exe.intermediate.manifest
         C:\Program Files\Microsoft SDKs\Windows\v7.0A\bin\rc.exe /nologo /fo"Debug\ProcessManagerApplication.exe.embed.manifest.res" Debug\ProcessManagerApplication_manifest.rc 
       LinkEmbedManifest:
         C:\Program Files\Microsoft Visual Studio 10.0\VC\bin\link.exe /ERRORREPORT:PROMPT /OUT:"C:\Documents and Settings\HanNik\Рабочий стол\OSiSP\RunProcessApplication\Debug\ProcessManagerApplication.exe" /INCREMENTAL /NOLOGO kernel32.lib user32.lib gdi32.lib winspool.lib comdlg32.lib advapi32.lib shell32.lib ole32.lib oleaut32.lib uuid.lib odbc32.lib odbccp32.lib /MANIFEST /ManifestFile:"Debug\ProcessManagerApplication.exe.intermediate.manifest" /MANIFESTUAC:"level='asInvoker' uiAccess='false'" /DEBUG /PDB:"C:\Documents and Settings\HanNik\Рабочий стол\OSiSP\RunProcessApplication\Debug\ProcessManagerApplication.pdb" /SUBSYSTEM:CONSOLE /TLBID:1 /DYNAMICBASE /NXCOMPAT /IMPLIB:"C:\Documents and Settings\HanNik\Рабочий стол\OSiSP\RunProcessApplication\Debug\ProcessManagerApplication.lib" /MACHINE:X86 Debug\ProcessManagerApplication.exe.embed.manifest.res
         Debug\RunProcessApplication.obj
         Debug\stdafx.obj
         RunProcessApplication.vcxproj -> C:\Documents and Settings\HanNik\Рабочий стол\OSiSP\RunProcessApplication\Debug\ProcessManagerApplication.exe
       FinalizeBuildStatus:
         Deleting file "Debug\ProcessManagerApplication.unsuccessfulbuild".
         Touching "Debug\ProcessManagerApplication.lastbuildstate".
     1>Done Building Project "C:\Documents and Settings\HanNik\Рабочий стол\OSiSP\RunProcessApplication\RunProcessApplication\RunProcessApplication.vcxproj" (rebuild target(s)).

Build succeeded.

Time Elapsed 00:00:06.12
